[0.030s] Invoking command in '/home/ubuntu/robot_ws/build/ubicoders_stereo_vo': CMAKE_PREFIX_PATH=${CMAKE_PREFIX_PATH}:/opt/ros/jazzy CONDA_PROMPT_MODIFIER=(base) /usr/bin/cmake /home/ubuntu/robot_ws/src/ubicoders_stereo_vo -DCMAKE_EXPORT_COMPILE_COMMANDS=ON -DAMENT_CMAKE_SYMLINK_INSTALL=1 -DCMAKE_INSTALL_PREFIX=/home/ubuntu/robot_ws/install/ubicoders_stereo_vo
[0.082s] -- Found ament_cmake: 2.5.4 (/opt/ros/jazzy/share/ament_cmake/cmake)
[0.444s] -- Override CMake install command with custom implementation using symlinks instead of copying resources
[0.462s] -- Found rclcpp: 28.1.13 (/opt/ros/jazzy/share/rclcpp/cmake)
[0.517s] -- Found rosidl_generator_c: 4.6.6 (/opt/ros/jazzy/share/rosidl_generator_c/cmake)
[0.538s] -- Found rosidl_generator_cpp: 4.6.6 (/opt/ros/jazzy/share/rosidl_generator_cpp/cmake)
[0.582s] -- Using all available rosidl_typesupport_c: rosidl_typesupport_fastrtps_c;rosidl_typesupport_introspection_c
[0.606s] -- Using all available rosidl_typesupport_cpp: rosidl_typesupport_fastrtps_cpp;rosidl_typesupport_introspection_cpp
[0.705s] -- Found rmw_implementation_cmake: 7.3.2 (/opt/ros/jazzy/share/rmw_implementation_cmake/cmake)
[0.706s] -- Found rmw_fastrtps_cpp: 8.4.3 (/opt/ros/jazzy/share/rmw_fastrtps_cpp/cmake)
[0.821s] -- Using RMW implementation 'rmw_fastrtps_cpp' as default
[0.945s] -- Found sensor_msgs: 5.3.6 (/opt/ros/jazzy/share/sensor_msgs/cmake)
[1.008s] -- Found nav_msgs: 5.3.6 (/opt/ros/jazzy/share/nav_msgs/cmake)
[1.036s] -- Found tf2_eigen: 0.36.16 (/opt/ros/jazzy/share/tf2_eigen/cmake)
[1.256s] -- Found cv_bridge: 4.1.0 (/opt/ros/jazzy/share/cv_bridge/cmake)
[1.283s] -- Found ament_lint_auto: 0.17.3 (/opt/ros/jazzy/share/ament_lint_auto/cmake)
[1.476s] -- Added test 'cppcheck' to perform static code analysis on C / C++ code
[1.477s] -- Configured cppcheck include dirs: /home/ubuntu/robot_ws/src/ubicoders_stereo_vo/include
[1.477s] -- Configured cppcheck exclude dirs and/or files: 
[1.482s] -- Added test 'lint_cmake' to check CMake code style
[1.495s] -- Added test 'uncrustify' to check C / C++ code style
[1.496s] -- Configured uncrustify additional arguments: 
[1.498s] -- Added test 'xmllint' to check XML markup files
[1.511s] -- Configuring done (1.5s)
[1.536s] [31mCMake Error at CMakeLists.txt:26 (add_library):
[1.536s]   No SOURCES given to target: sv_lib
[1.536s] 
[1.537s] [0m
[1.537s] [0mCMake Generate step failed.  Build files cannot be regenerated correctly.[0m
[1.550s] Invoked command in '/home/ubuntu/robot_ws/build/ubicoders_stereo_vo' returned '1': CMAKE_PREFIX_PATH=${CMAKE_PREFIX_PATH}:/opt/ros/jazzy CONDA_PROMPT_MODIFIER=(base) /usr/bin/cmake /home/ubuntu/robot_ws/src/ubicoders_stereo_vo -DCMAKE_EXPORT_COMPILE_COMMANDS=ON -DAMENT_CMAKE_SYMLINK_INSTALL=1 -DCMAKE_INSTALL_PREFIX=/home/ubuntu/robot_ws/install/ubicoders_stereo_vo
