[0.035s] Invoking command in '/home/ubuntu/robot_ws/build/ubicoders_stereo_vo': CMAKE_PREFIX_PATH=${CMAKE_PREFIX_PATH}:/opt/ros/jazzy CONDA_PROMPT_MODIFIER=(base) /usr/bin/cmake /home/ubuntu/robot_ws/src/ubicoders_stereo_vo -DCMAKE_EXPORT_COMPILE_COMMANDS=ON -DCMAKE_INSTALL_PREFIX=/home/ubuntu/robot_ws/install/ubicoders_stereo_vo
[0.316s] -- The C compiler identification is GNU 13.3.0
[0.517s] -- The CXX compiler identification is GNU 13.3.0
[0.583s] -- Detecting C compiler ABI info
[0.871s] -- Detecting C compiler ABI info - done
[0.899s] -- Check for working C compiler: /usr/bin/cc - skipped
[0.900s] -- Detecting C compile features
[0.900s] -- Detecting C compile features - done
[0.917s] -- Detecting CXX compiler ABI info
[1.183s] -- Detecting CXX compiler ABI info - done
[1.225s] -- Check for working CXX compiler: /usr/bin/c++ - skipped
[1.226s] -- Detecting CXX compile features
[1.228s] -- Detecting CXX compile features - done
[1.263s] -- Found ament_cmake: 2.5.4 (/opt/ros/jazzy/share/ament_cmake/cmake)
[1.491s] -- Found Python3: /miniconda/bin/python3 (found version "3.13.9") found components: Interpreter 
[1.788s] -- Found rclcpp: 28.1.13 (/opt/ros/jazzy/share/rclcpp/cmake)
[1.932s] -- Found rosidl_generator_c: 4.6.6 (/opt/ros/jazzy/share/rosidl_generator_c/cmake)
[1.989s] -- Found rosidl_generator_cpp: 4.6.6 (/opt/ros/jazzy/share/rosidl_generator_cpp/cmake)
[2.033s] -- Using all available rosidl_typesupport_c: rosidl_typesupport_fastrtps_c;rosidl_typesupport_introspection_c
[2.093s] -- Using all available rosidl_typesupport_cpp: rosidl_typesupport_fastrtps_cpp;rosidl_typesupport_introspection_cpp
[2.307s] -- Found rmw_implementation_cmake: 7.3.2 (/opt/ros/jazzy/share/rmw_implementation_cmake/cmake)
[2.315s] -- Found rmw_fastrtps_cpp: 8.4.3 (/opt/ros/jazzy/share/rmw_fastrtps_cpp/cmake)
[2.555s] -- Found OpenSSL: /usr/lib/x86_64-linux-gnu/libcrypto.so (found version "3.0.13")  
[2.623s] -- Found FastRTPS: /opt/ros/jazzy/include (Required is at least version "2.13") 
[2.680s] -- Using RMW implementation 'rmw_fastrtps_cpp' as default
[2.854s] -- Found sensor_msgs: 5.3.6 (/opt/ros/jazzy/share/sensor_msgs/cmake)
[3.003s] -- Found nav_msgs: 5.3.6 (/opt/ros/jazzy/share/nav_msgs/cmake)
[3.044s] -- Found tf2_eigen: 0.36.16 (/opt/ros/jazzy/share/tf2_eigen/cmake)
[3.421s] -- Found cv_bridge: 4.1.0 (/opt/ros/jazzy/share/cv_bridge/cmake)
[3.472s] -- Found OpenGL: /usr/lib/x86_64-linux-gnu/libOpenGL.so   
[3.480s] -- Found OpenCV: /usr (found version "4.6.0") 
[3.502s] -- Found ament_lint_auto: 0.17.3 (/opt/ros/jazzy/share/ament_lint_auto/cmake)
[3.809s] -- Added test 'lint_cmake' to check CMake code style
[3.823s] -- Added test 'xmllint' to check XML markup files
[3.841s] -- Configuring done (3.8s)
[3.864s] [31mCMake Error at CMakeLists.txt:29 (add_library):
[3.865s]   Cannot find source file:
[3.865s] 
[3.868s]     src/ubicoders_stereo_vo.cpp
[3.868s] 
[3.869s]   Tried extensions .c .C .c++ .cc .cpp .cxx .cu .mpp .m .M .mm .ixx .cppm
[3.869s]   .ccm .cxxm .c++m .h .hh .h++ .hm .hpp .hxx .in .txx .f .F .for .f77 .f90
[3.870s]   .f95 .f03 .hip .ispc
[3.870s] 
[3.871s] [0m
[3.880s] [31mCMake Error at CMakeLists.txt:70 (add_executable):
[3.880s]   Cannot find source file:
[3.881s] 
[3.881s]     executables/stereo_visual_slam_node.cpp
[3.881s] 
[3.882s]   Tried extensions .c .C .c++ .cc .cpp .cxx .cu .mpp .m .M .mm .ixx .cppm
[3.882s]   .ccm .cxxm .c++m .h .hh .h++ .hm .hpp .hxx .in .txx .f .F .for .f77 .f90
[3.882s]   .f95 .f03 .hip .ispc
[3.883s] 
[3.883s] [0m
[3.896s] [31mCMake Error at CMakeLists.txt:29 (add_library):
[3.896s]   No SOURCES given to target: sv_lib
[3.897s] 
[3.897s] [0m
[3.897s] [31mCMake Error at CMakeLists.txt:70 (add_executable):
[3.897s]   No SOURCES given to target: stereo_visual_slam_node
[3.897s] 
[3.898s] [0m
[3.898s] [0mCMake Generate step failed.  Build files cannot be regenerated correctly.[0m
[3.919s] Invoked command in '/home/ubuntu/robot_ws/build/ubicoders_stereo_vo' returned '1': CMAKE_PREFIX_PATH=${CMAKE_PREFIX_PATH}:/opt/ros/jazzy CONDA_PROMPT_MODIFIER=(base) /usr/bin/cmake /home/ubuntu/robot_ws/src/ubicoders_stereo_vo -DCMAKE_EXPORT_COMPILE_COMMANDS=ON -DCMAKE_INSTALL_PREFIX=/home/ubuntu/robot_ws/install/ubicoders_stereo_vo
