[0.022s] Invoking command in '/home/ubuntu/robot_ws/build/ubicoders_stereo_vo': CMAKE_PREFIX_PATH=${CMAKE_PREFIX_PATH}:/opt/ros/jazzy CONDA_PROMPT_MODIFIER=(base) /usr/bin/cmake --build /home/ubuntu/robot_ws/build/ubicoders_stereo_vo -- -j28 -l28
[0.178s] [ 25%] [32mBuilding CXX object CMakeFiles/sv_lib.dir/src/ubicoders_svo_node.cpp.o[0m
[3.697s] [ 50%] [32m[1mLinking CXX static library libsv_lib.a[0m
[3.788s] [ 50%] Built target sv_lib
[3.856s] [ 75%] [32mBuilding CXX object CMakeFiles/ubicoders_svo_node.dir/src/ubicoders_svo_node.cpp.o[0m
[7.487s] [100%] [32m[1mLinking CXX executable ubicoders_svo_node[0m
[7.839s] [100%] Built target ubicoders_svo_node
[7.869s] Invoked command in '/home/ubuntu/robot_ws/build/ubicoders_stereo_vo' returned '0': CMAKE_PREFIX_PATH=${CMAKE_PREFIX_PATH}:/opt/ros/jazzy CONDA_PROMPT_MODIFIER=(base) /usr/bin/cmake --build /home/ubuntu/robot_ws/build/ubicoders_stereo_vo -- -j28 -l28
[7.873s] Invoking command in '/home/ubuntu/robot_ws/build/ubicoders_stereo_vo': CMAKE_PREFIX_PATH=${CMAKE_PREFIX_PATH}:/opt/ros/jazzy CONDA_PROMPT_MODIFIER=(base) /usr/bin/cmake --install /home/ubuntu/robot_ws/build/ubicoders_stereo_vo
[7.892s] -- Install configuration: ""
[7.893s] -- Execute custom install script
[7.894s] -- Symlinking: /home/ubuntu/robot_ws/install/ubicoders_stereo_vo/lib/ubicoders_stereo_vo/ubicoders_svo_node
[7.916s] [31mCMake Error at ament_cmake_symlink_install/ament_cmake_symlink_install.cmake:100 (message):
[7.917s]   ament_cmake_symlink_install_directory() can't find
[7.917s]   '/home/ubuntu/robot_ws/src/ubicoders_stereo_vo/launch'
[7.917s] Call Stack (most recent call first):
[7.918s]   ament_cmake_symlink_install/ament_cmake_symlink_install.cmake:317 (ament_cmake_symlink_install_directory)
[7.918s]   cmake_install.cmake:46 (include)
[7.919s] 
[7.919s] [0m
[7.920s] Invoked command in '/home/ubuntu/robot_ws/build/ubicoders_stereo_vo' returned '1': CMAKE_PREFIX_PATH=${CMAKE_PREFIX_PATH}:/opt/ros/jazzy CONDA_PROMPT_MODIFIER=(base) /usr/bin/cmake --install /home/ubuntu/robot_ws/build/ubicoders_stereo_vo
