[0.023s] Invoking command in '/home/ubuntu/robot_ws/build/kitti_image_publisher': CMAKE_PREFIX_PATH=${CMAKE_PREFIX_PATH}:/opt/ros/jazzy CONDA_PROMPT_MODIFIER=(base) /usr/bin/cmake --build /home/ubuntu/robot_ws/build/kitti_image_publisher -- -j28 -l28
[0.161s] [100%] Built target kitti_image_publisher_node
[0.189s] Invoked command in '/home/ubuntu/robot_ws/build/kitti_image_publisher' returned '0': CMAKE_PREFIX_PATH=${CMAKE_PREFIX_PATH}:/opt/ros/jazzy CONDA_PROMPT_MODIFIER=(base) /usr/bin/cmake --build /home/ubuntu/robot_ws/build/kitti_image_publisher -- -j28 -l28
[0.219s] Invoking command in '/home/ubuntu/robot_ws/build/kitti_image_publisher': CMAKE_PREFIX_PATH=${CMAKE_PREFIX_PATH}:/opt/ros/jazzy CONDA_PROMPT_MODIFIER=(base) /usr/bin/cmake --install /home/ubuntu/robot_ws/build/kitti_image_publisher
[0.245s] -- Install configuration: ""
[0.248s] -- Execute custom install script
[0.249s] -- Up-to-date symlink: /home/ubuntu/robot_ws/install/kitti_image_publisher/lib/kitti_image_publisher/kitti_image_publisher_node
[0.251s] -- Up-to-date symlink: /home/ubuntu/robot_ws/install/kitti_image_publisher/share/ament_index/resource_index/package_run_dependencies/kitti_image_publisher
[0.253s] -- Up-to-date symlink: /home/ubuntu/robot_ws/install/kitti_image_publisher/share/ament_index/resource_index/parent_prefix_path/kitti_image_publisher
[0.254s] -- Up-to-date symlink: /home/ubuntu/robot_ws/install/kitti_image_publisher/share/kitti_image_publisher/environment/ament_prefix_path.sh
[0.255s] -- Up-to-date symlink: /home/ubuntu/robot_ws/install/kitti_image_publisher/share/kitti_image_publisher/environment/ament_prefix_path.dsv
[0.256s] -- Up-to-date symlink: /home/ubuntu/robot_ws/install/kitti_image_publisher/share/kitti_image_publisher/environment/path.sh
[0.257s] -- Up-to-date symlink: /home/ubuntu/robot_ws/install/kitti_image_publisher/share/kitti_image_publisher/environment/path.dsv
[0.258s] -- Up-to-date symlink: /home/ubuntu/robot_ws/install/kitti_image_publisher/share/kitti_image_publisher/local_setup.bash
[0.259s] -- Up-to-date symlink: /home/ubuntu/robot_ws/install/kitti_image_publisher/share/kitti_image_publisher/local_setup.sh
[0.260s] -- Up-to-date symlink: /home/ubuntu/robot_ws/install/kitti_image_publisher/share/kitti_image_publisher/local_setup.zsh
[0.261s] -- Up-to-date symlink: /home/ubuntu/robot_ws/install/kitti_image_publisher/share/kitti_image_publisher/local_setup.dsv
[0.262s] -- Symlinking: /home/ubuntu/robot_ws/install/kitti_image_publisher/share/kitti_image_publisher/package.dsv
[0.291s] -- Up-to-date symlink: /home/ubuntu/robot_ws/install/kitti_image_publisher/share/ament_index/resource_index/packages/kitti_image_publisher
[0.291s] -- Up-to-date symlink: /home/ubuntu/robot_ws/install/kitti_image_publisher/share/kitti_image_publisher/cmake/kitti_image_publisherConfig.cmake
[0.292s] -- Up-to-date symlink: /home/ubuntu/robot_ws/install/kitti_image_publisher/share/kitti_image_publisher/cmake/kitti_image_publisherConfig-version.cmake
[0.293s] -- Up-to-date symlink: /home/ubuntu/robot_ws/install/kitti_image_publisher/share/kitti_image_publisher/package.xml
[0.296s] Invoked command in '/home/ubuntu/robot_ws/build/kitti_image_publisher' returned '0': CMAKE_PREFIX_PATH=${CMAKE_PREFIX_PATH}:/opt/ros/jazzy CONDA_PROMPT_MODIFIER=(base) /usr/bin/cmake --install /home/ubuntu/robot_ws/build/kitti_image_publisher
