[ 50%] Built target sv_lib
[100%] Built target ubicoders_svo_node
-- Install configuration: ""
-- Execute custom install script
-- Up-to-date symlink: /home/ubuntu/robot_ws/install/ubicoders_stereo_vo/lib/ubicoders_stereo_vo/ubicoders_svo_node
-- Symlinking: /home/ubuntu/robot_ws/install/ubicoders_stereo_vo/share/ament_index/resource_index/package_run_dependencies/ubicoders_stereo_vo
-- Symlinking: /home/ubuntu/robot_ws/install/ubicoders_stereo_vo/share/ament_index/resource_index/parent_prefix_path/ubicoders_stereo_vo
-- Symlinking: /home/ubuntu/robot_ws/install/ubicoders_stereo_vo/share/ubicoders_stereo_vo/environment/ament_prefix_path.sh
-- Symlinking: /home/ubuntu/robot_ws/install/ubicoders_stereo_vo/share/ubicoders_stereo_vo/environment/ament_prefix_path.dsv
-- Symlinking: /home/ubuntu/robot_ws/install/ubicoders_stereo_vo/share/ubicoders_stereo_vo/environment/path.sh
-- Symlinking: /home/ubuntu/robot_ws/install/ubicoders_stereo_vo/share/ubicoders_stereo_vo/environment/path.dsv
-- Symlinking: /home/ubuntu/robot_ws/install/ubicoders_stereo_vo/share/ubicoders_stereo_vo/local_setup.bash
-- Symlinking: /home/ubuntu/robot_ws/install/ubicoders_stereo_vo/share/ubicoders_stereo_vo/local_setup.sh
-- Symlinking: /home/ubuntu/robot_ws/install/ubicoders_stereo_vo/share/ubicoders_stereo_vo/local_setup.zsh
-- Symlinking: /home/ubuntu/robot_ws/install/ubicoders_stereo_vo/share/ubicoders_stereo_vo/local_setup.dsv
-- Symlinking: /home/ubuntu/robot_ws/install/ubicoders_stereo_vo/share/ubicoders_stereo_vo/package.dsv
-- Symlinking: /home/ubuntu/robot_ws/install/ubicoders_stereo_vo/share/ament_index/resource_index/packages/ubicoders_stereo_vo
-- Symlinking: /home/ubuntu/robot_ws/install/ubicoders_stereo_vo/share/ubicoders_stereo_vo/cmake/ubicoders_stereo_voConfig.cmake
-- Symlinking: /home/ubuntu/robot_ws/install/ubicoders_stereo_vo/share/ubicoders_stereo_vo/cmake/ubicoders_stereo_voConfig-version.cmake
-- Symlinking: /home/ubuntu/robot_ws/install/ubicoders_stereo_vo/share/ubicoders_stereo_vo/package.xml
