[0.019s] Invoking command in '/home/ubuntu/robot_ws/build/ubicoders_stereo_vo': CMAKE_PREFIX_PATH=${CMAKE_PREFIX_PATH}:/opt/ros/jazzy CONDA_PROMPT_MODIFIER=(base) /usr/bin/cmake /home/ubuntu/robot_ws/src/ubicoders_stereo_vo -DCMAKE_EXPORT_COMPILE_COMMANDS=ON -DAMENT_CMAKE_SYMLINK_INSTALL=1 -DCMAKE_INSTALL_PREFIX=/home/ubuntu/robot_ws/install/ubicoders_stereo_vo
[0.060s] -- Found ament_cmake: 2.5.4 (/opt/ros/jazzy/share/ament_cmake/cmake)
[0.419s] -- Override CMake install command with custom implementation using symlinks instead of copying resources
[0.435s] -- Found rclcpp: 28.1.13 (/opt/ros/jazzy/share/rclcpp/cmake)
[0.469s] -- Found rosidl_generator_c: 4.6.6 (/opt/ros/jazzy/share/rosidl_generator_c/cmake)
[0.479s] -- Found rosidl_generator_cpp: 4.6.6 (/opt/ros/jazzy/share/rosidl_generator_cpp/cmake)
[0.493s] -- Using all available rosidl_typesupport_c: rosidl_typesupport_fastrtps_c;rosidl_typesupport_introspection_c
[0.507s] -- Using all available rosidl_typesupport_cpp: rosidl_typesupport_fastrtps_cpp;rosidl_typesupport_introspection_cpp
[0.642s] -- Found rmw_implementation_cmake: 7.3.2 (/opt/ros/jazzy/share/rmw_implementation_cmake/cmake)
[0.646s] -- Found rmw_fastrtps_cpp: 8.4.3 (/opt/ros/jazzy/share/rmw_fastrtps_cpp/cmake)
[0.771s] -- Using RMW implementation 'rmw_fastrtps_cpp' as default
[0.876s] -- Found sensor_msgs: 5.3.6 (/opt/ros/jazzy/share/sensor_msgs/cmake)
[0.953s] -- Found nav_msgs: 5.3.6 (/opt/ros/jazzy/share/nav_msgs/cmake)
[0.982s] -- Found tf2_eigen: 0.36.16 (/opt/ros/jazzy/share/tf2_eigen/cmake)
[1.108s] -- Found cv_bridge: 4.1.0 (/opt/ros/jazzy/share/cv_bridge/cmake)
[1.132s] -- Found ament_lint_auto: 0.17.3 (/opt/ros/jazzy/share/ament_lint_auto/cmake)
[1.261s] -- Added test 'cppcheck' to perform static code analysis on C / C++ code
[1.262s] -- Configured cppcheck include dirs: /home/ubuntu/robot_ws/src/ubicoders_stereo_vo/include
[1.263s] -- Configured cppcheck exclude dirs and/or files: 
[1.266s] -- Added test 'lint_cmake' to check CMake code style
[1.274s] -- Added test 'uncrustify' to check C / C++ code style
[1.275s] -- Configured uncrustify additional arguments: 
[1.276s] -- Added test 'xmllint' to check XML markup files
[1.282s] -- Configuring done (1.2s)
[1.356s] -- Generating done (0.1s)
[1.382s] -- Build files have been written to: /home/ubuntu/robot_ws/build/ubicoders_stereo_vo
[1.397s] Invoked command in '/home/ubuntu/robot_ws/build/ubicoders_stereo_vo' returned '0': CMAKE_PREFIX_PATH=${CMAKE_PREFIX_PATH}:/opt/ros/jazzy CONDA_PROMPT_MODIFIER=(base) /usr/bin/cmake /home/ubuntu/robot_ws/src/ubicoders_stereo_vo -DCMAKE_EXPORT_COMPILE_COMMANDS=ON -DAMENT_CMAKE_SYMLINK_INSTALL=1 -DCMAKE_INSTALL_PREFIX=/home/ubuntu/robot_ws/install/ubicoders_stereo_vo
[1.400s] Invoking command in '/home/ubuntu/robot_ws/build/ubicoders_stereo_vo': CMAKE_PREFIX_PATH=${CMAKE_PREFIX_PATH}:/opt/ros/jazzy CONDA_PROMPT_MODIFIER=(base) /usr/bin/cmake --build /home/ubuntu/robot_ws/build/ubicoders_stereo_vo -- -j28 -l28
[1.732s] [ 50%] Built target sv_lib
[2.024s] [ 75%] [32mBuilding CXX object CMakeFiles/ubicoders_svo_node.dir/src/ubicoders_svo_node.cpp.o[0m
[19.206s] [100%] [32m[1mLinking CXX executable ubicoders_svo_node[0m
[20.991s] [100%] Built target ubicoders_svo_node
[21.022s] Invoked command in '/home/ubuntu/robot_ws/build/ubicoders_stereo_vo' returned '0': CMAKE_PREFIX_PATH=${CMAKE_PREFIX_PATH}:/opt/ros/jazzy CONDA_PROMPT_MODIFIER=(base) /usr/bin/cmake --build /home/ubuntu/robot_ws/build/ubicoders_stereo_vo -- -j28 -l28
[21.044s] Invoking command in '/home/ubuntu/robot_ws/build/ubicoders_stereo_vo': CMAKE_PREFIX_PATH=${CMAKE_PREFIX_PATH}:/opt/ros/jazzy CONDA_PROMPT_MODIFIER=(base) /usr/bin/cmake --install /home/ubuntu/robot_ws/build/ubicoders_stereo_vo
[21.064s] -- Install configuration: ""
[21.065s] -- Execute custom install script
[21.066s] -- Up-to-date symlink: /home/ubuntu/robot_ws/install/ubicoders_stereo_vo/lib/ubicoders_stereo_vo/ubicoders_svo_node
[21.067s] -- Up-to-date symlink: /home/ubuntu/robot_ws/install/ubicoders_stereo_vo/share/ament_index/resource_index/package_run_dependencies/ubicoders_stereo_vo
[21.068s] -- Up-to-date symlink: /home/ubuntu/robot_ws/install/ubicoders_stereo_vo/share/ament_index/resource_index/parent_prefix_path/ubicoders_stereo_vo
[21.069s] -- Up-to-date symlink: /home/ubuntu/robot_ws/install/ubicoders_stereo_vo/share/ubicoders_stereo_vo/environment/ament_prefix_path.sh
[21.071s] -- Up-to-date symlink: /home/ubuntu/robot_ws/install/ubicoders_stereo_vo/share/ubicoders_stereo_vo/environment/ament_prefix_path.dsv
[21.072s] -- Up-to-date symlink: /home/ubuntu/robot_ws/install/ubicoders_stereo_vo/share/ubicoders_stereo_vo/environment/path.sh
[21.073s] -- Up-to-date symlink: /home/ubuntu/robot_ws/install/ubicoders_stereo_vo/share/ubicoders_stereo_vo/environment/path.dsv
[21.073s] -- Up-to-date symlink: /home/ubuntu/robot_ws/install/ubicoders_stereo_vo/share/ubicoders_stereo_vo/local_setup.bash
[21.074s] -- Up-to-date symlink: /home/ubuntu/robot_ws/install/ubicoders_stereo_vo/share/ubicoders_stereo_vo/local_setup.sh
[21.075s] -- Up-to-date symlink: /home/ubuntu/robot_ws/install/ubicoders_stereo_vo/share/ubicoders_stereo_vo/local_setup.zsh
[21.076s] -- Up-to-date symlink: /home/ubuntu/robot_ws/install/ubicoders_stereo_vo/share/ubicoders_stereo_vo/local_setup.dsv
[21.077s] -- Symlinking: /home/ubuntu/robot_ws/install/ubicoders_stereo_vo/share/ubicoders_stereo_vo/package.dsv
[21.105s] -- Up-to-date symlink: /home/ubuntu/robot_ws/install/ubicoders_stereo_vo/share/ament_index/resource_index/packages/ubicoders_stereo_vo
[21.106s] -- Up-to-date symlink: /home/ubuntu/robot_ws/install/ubicoders_stereo_vo/share/ubicoders_stereo_vo/cmake/ubicoders_stereo_voConfig.cmake
[21.107s] -- Up-to-date symlink: /home/ubuntu/robot_ws/install/ubicoders_stereo_vo/share/ubicoders_stereo_vo/cmake/ubicoders_stereo_voConfig-version.cmake
[21.108s] -- Up-to-date symlink: /home/ubuntu/robot_ws/install/ubicoders_stereo_vo/share/ubicoders_stereo_vo/package.xml
[21.113s] Invoked command in '/home/ubuntu/robot_ws/build/ubicoders_stereo_vo' returned '0': CMAKE_PREFIX_PATH=${CMAKE_PREFIX_PATH}:/opt/ros/jazzy CONDA_PROMPT_MODIFIER=(base) /usr/bin/cmake --install /home/ubuntu/robot_ws/build/ubicoders_stereo_vo
