[0.024s] Invoking command in '/home/ubuntu/robot_ws/build/ubicoders_stereo_vo': CMAKE_PREFIX_PATH=${CMAKE_PREFIX_PATH}:/opt/ros/jazzy CONDA_PROMPT_MODIFIER=(base) /usr/bin/cmake /home/ubuntu/robot_ws/src/ubicoders_stereo_vo -DCMAKE_EXPORT_COMPILE_COMMANDS=ON -DCMAKE_INSTALL_PREFIX=/home/ubuntu/robot_ws/install/ubicoders_stereo_vo
[0.052s] -- Found ament_cmake: 2.5.4 (/opt/ros/jazzy/share/ament_cmake/cmake)
[0.412s] -- Override CMake install command with custom implementation using symlinks instead of copying resources
[0.441s] -- Found rclcpp: 28.1.13 (/opt/ros/jazzy/share/rclcpp/cmake)
[0.488s] -- Found rosidl_generator_c: 4.6.6 (/opt/ros/jazzy/share/rosidl_generator_c/cmake)
[0.503s] -- Found rosidl_generator_cpp: 4.6.6 (/opt/ros/jazzy/share/rosidl_generator_cpp/cmake)
[0.520s] -- Using all available rosidl_typesupport_c: rosidl_typesupport_fastrtps_c;rosidl_typesupport_introspection_c
[0.546s] -- Using all available rosidl_typesupport_cpp: rosidl_typesupport_fastrtps_cpp;rosidl_typesupport_introspection_cpp
[0.622s] -- Found rmw_implementation_cmake: 7.3.2 (/opt/ros/jazzy/share/rmw_implementation_cmake/cmake)
[0.623s] -- Found rmw_fastrtps_cpp: 8.4.3 (/opt/ros/jazzy/share/rmw_fastrtps_cpp/cmake)
[0.746s] -- Using RMW implementation 'rmw_fastrtps_cpp' as default
[0.820s] -- Found sensor_msgs: 5.3.6 (/opt/ros/jazzy/share/sensor_msgs/cmake)
[0.884s] -- Found nav_msgs: 5.3.6 (/opt/ros/jazzy/share/nav_msgs/cmake)
[0.914s] -- Found tf2_eigen: 0.36.16 (/opt/ros/jazzy/share/tf2_eigen/cmake)
[1.061s] -- Found cv_bridge: 4.1.0 (/opt/ros/jazzy/share/cv_bridge/cmake)
[1.087s] -- Found ament_lint_auto: 0.17.3 (/opt/ros/jazzy/share/ament_lint_auto/cmake)
[1.246s] -- Added test 'cppcheck' to perform static code analysis on C / C++ code
[1.247s] -- Configured cppcheck include dirs: /home/ubuntu/robot_ws/src/ubicoders_stereo_vo/include
[1.248s] -- Configured cppcheck exclude dirs and/or files: 
[1.252s] -- Added test 'lint_cmake' to check CMake code style
[1.265s] -- Added test 'uncrustify' to check C / C++ code style
[1.265s] -- Configured uncrustify additional arguments: 
[1.267s] -- Added test 'xmllint' to check XML markup files
[1.274s] -- Configuring done (1.2s)
[1.383s] -- Generating done (0.1s)
[1.421s] -- Build files have been written to: /home/ubuntu/robot_ws/build/ubicoders_stereo_vo
[1.449s] Invoked command in '/home/ubuntu/robot_ws/build/ubicoders_stereo_vo' returned '0': CMAKE_PREFIX_PATH=${CMAKE_PREFIX_PATH}:/opt/ros/jazzy CONDA_PROMPT_MODIFIER=(base) /usr/bin/cmake /home/ubuntu/robot_ws/src/ubicoders_stereo_vo -DCMAKE_EXPORT_COMPILE_COMMANDS=ON -DCMAKE_INSTALL_PREFIX=/home/ubuntu/robot_ws/install/ubicoders_stereo_vo
[1.453s] Invoking command in '/home/ubuntu/robot_ws/build/ubicoders_stereo_vo': CMAKE_PREFIX_PATH=${CMAKE_PREFIX_PATH}:/opt/ros/jazzy CONDA_PROMPT_MODIFIER=(base) /usr/bin/cmake --build /home/ubuntu/robot_ws/build/ubicoders_stereo_vo -- -j28 -l28
[1.916s] [ 50%] Built target sv_lib
[2.228s] [100%] Built target ubicoders_svo_node
[2.266s] Invoked command in '/home/ubuntu/robot_ws/build/ubicoders_stereo_vo' returned '0': CMAKE_PREFIX_PATH=${CMAKE_PREFIX_PATH}:/opt/ros/jazzy CONDA_PROMPT_MODIFIER=(base) /usr/bin/cmake --build /home/ubuntu/robot_ws/build/ubicoders_stereo_vo -- -j28 -l28
[2.296s] Invoking command in '/home/ubuntu/robot_ws/build/ubicoders_stereo_vo': CMAKE_PREFIX_PATH=${CMAKE_PREFIX_PATH}:/opt/ros/jazzy CONDA_PROMPT_MODIFIER=(base) /usr/bin/cmake --install /home/ubuntu/robot_ws/build/ubicoders_stereo_vo
[2.322s] -- Install configuration: ""
[2.323s] -- Execute custom install script
[2.324s] -- Up-to-date symlink: /home/ubuntu/robot_ws/install/ubicoders_stereo_vo/lib/ubicoders_stereo_vo/ubicoders_svo_node
[2.326s] -- Up-to-date symlink: /home/ubuntu/robot_ws/install/ubicoders_stereo_vo/share/ament_index/resource_index/package_run_dependencies/ubicoders_stereo_vo
[2.327s] -- Up-to-date symlink: /home/ubuntu/robot_ws/install/ubicoders_stereo_vo/share/ament_index/resource_index/parent_prefix_path/ubicoders_stereo_vo
[2.328s] -- Up-to-date symlink: /home/ubuntu/robot_ws/install/ubicoders_stereo_vo/share/ubicoders_stereo_vo/environment/ament_prefix_path.sh
[2.329s] -- Up-to-date symlink: /home/ubuntu/robot_ws/install/ubicoders_stereo_vo/share/ubicoders_stereo_vo/environment/ament_prefix_path.dsv
[2.329s] -- Up-to-date symlink: /home/ubuntu/robot_ws/install/ubicoders_stereo_vo/share/ubicoders_stereo_vo/environment/path.sh
[2.331s] -- Up-to-date symlink: /home/ubuntu/robot_ws/install/ubicoders_stereo_vo/share/ubicoders_stereo_vo/environment/path.dsv
[2.332s] -- Up-to-date symlink: /home/ubuntu/robot_ws/install/ubicoders_stereo_vo/share/ubicoders_stereo_vo/local_setup.bash
[2.333s] -- Up-to-date symlink: /home/ubuntu/robot_ws/install/ubicoders_stereo_vo/share/ubicoders_stereo_vo/local_setup.sh
[2.335s] -- Up-to-date symlink: /home/ubuntu/robot_ws/install/ubicoders_stereo_vo/share/ubicoders_stereo_vo/local_setup.zsh
[2.336s] -- Up-to-date symlink: /home/ubuntu/robot_ws/install/ubicoders_stereo_vo/share/ubicoders_stereo_vo/local_setup.dsv
[2.338s] -- Symlinking: /home/ubuntu/robot_ws/install/ubicoders_stereo_vo/share/ubicoders_stereo_vo/package.dsv
[2.366s] -- Up-to-date symlink: /home/ubuntu/robot_ws/install/ubicoders_stereo_vo/share/ament_index/resource_index/packages/ubicoders_stereo_vo
[2.367s] -- Up-to-date symlink: /home/ubuntu/robot_ws/install/ubicoders_stereo_vo/share/ubicoders_stereo_vo/cmake/ubicoders_stereo_voConfig.cmake
[2.369s] -- Up-to-date symlink: /home/ubuntu/robot_ws/install/ubicoders_stereo_vo/share/ubicoders_stereo_vo/cmake/ubicoders_stereo_voConfig-version.cmake
[2.370s] -- Up-to-date symlink: /home/ubuntu/robot_ws/install/ubicoders_stereo_vo/share/ubicoders_stereo_vo/package.xml
[2.377s] Invoked command in '/home/ubuntu/robot_ws/build/ubicoders_stereo_vo' returned '0': CMAKE_PREFIX_PATH=${CMAKE_PREFIX_PATH}:/opt/ros/jazzy CONDA_PROMPT_MODIFIER=(base) /usr/bin/cmake --install /home/ubuntu/robot_ws/build/ubicoders_stereo_vo
