[0.035s] Invoking command in '/home/ubuntu/robot_ws/build/ubicoders_stereo_vo': CMAKE_PREFIX_PATH=${CMAKE_PREFIX_PATH}:/opt/ros/jazzy CONDA_PROMPT_MODIFIER=(base) /usr/bin/cmake --build /home/ubuntu/robot_ws/build/ubicoders_stereo_vo -- -j28 -l28
[0.229s] [ 50%] Built target sv_lib
[0.338s] [100%] Built target ubicoders_svo_node
[0.373s] Invoked command in '/home/ubuntu/robot_ws/build/ubicoders_stereo_vo' returned '0': CMAKE_PREFIX_PATH=${CMAKE_PREFIX_PATH}:/opt/ros/jazzy CONDA_PROMPT_MODIFIER=(base) /usr/bin/cmake --build /home/ubuntu/robot_ws/build/ubicoders_stereo_vo -- -j28 -l28
[0.400s] Invoking command in '/home/ubuntu/robot_ws/build/ubicoders_stereo_vo': CMAKE_PREFIX_PATH=${CMAKE_PREFIX_PATH}:/opt/ros/jazzy CONDA_PROMPT_MODIFIER=(base) /usr/bin/cmake --install /home/ubuntu/robot_ws/build/ubicoders_stereo_vo
[0.427s] -- Install configuration: ""
[0.428s] -- Execute custom install script
[0.430s] -- Up-to-date symlink: /home/ubuntu/robot_ws/install/ubicoders_stereo_vo/lib/ubicoders_stereo_vo/ubicoders_svo_node
[0.433s] -- Up-to-date symlink: /home/ubuntu/robot_ws/install/ubicoders_stereo_vo/share/ament_index/resource_index/package_run_dependencies/ubicoders_stereo_vo
[0.435s] -- Up-to-date symlink: /home/ubuntu/robot_ws/install/ubicoders_stereo_vo/share/ament_index/resource_index/parent_prefix_path/ubicoders_stereo_vo
[0.437s] -- Up-to-date symlink: /home/ubuntu/robot_ws/install/ubicoders_stereo_vo/share/ubicoders_stereo_vo/environment/ament_prefix_path.sh
[0.438s] -- Up-to-date symlink: /home/ubuntu/robot_ws/install/ubicoders_stereo_vo/share/ubicoders_stereo_vo/environment/ament_prefix_path.dsv
[0.439s] -- Up-to-date symlink: /home/ubuntu/robot_ws/install/ubicoders_stereo_vo/share/ubicoders_stereo_vo/environment/path.sh
[0.441s] -- Up-to-date symlink: /home/ubuntu/robot_ws/install/ubicoders_stereo_vo/share/ubicoders_stereo_vo/environment/path.dsv
[0.442s] -- Up-to-date symlink: /home/ubuntu/robot_ws/install/ubicoders_stereo_vo/share/ubicoders_stereo_vo/local_setup.bash
[0.443s] -- Up-to-date symlink: /home/ubuntu/robot_ws/install/ubicoders_stereo_vo/share/ubicoders_stereo_vo/local_setup.sh
[0.444s] -- Up-to-date symlink: /home/ubuntu/robot_ws/install/ubicoders_stereo_vo/share/ubicoders_stereo_vo/local_setup.zsh
[0.446s] -- Up-to-date symlink: /home/ubuntu/robot_ws/install/ubicoders_stereo_vo/share/ubicoders_stereo_vo/local_setup.dsv
[0.447s] -- Symlinking: /home/ubuntu/robot_ws/install/ubicoders_stereo_vo/share/ubicoders_stereo_vo/package.dsv
[0.480s] -- Up-to-date symlink: /home/ubuntu/robot_ws/install/ubicoders_stereo_vo/share/ament_index/resource_index/packages/ubicoders_stereo_vo
[0.482s] -- Up-to-date symlink: /home/ubuntu/robot_ws/install/ubicoders_stereo_vo/share/ubicoders_stereo_vo/cmake/ubicoders_stereo_voConfig.cmake
[0.483s] -- Up-to-date symlink: /home/ubuntu/robot_ws/install/ubicoders_stereo_vo/share/ubicoders_stereo_vo/cmake/ubicoders_stereo_voConfig-version.cmake
[0.484s] -- Up-to-date symlink: /home/ubuntu/robot_ws/install/ubicoders_stereo_vo/share/ubicoders_stereo_vo/package.xml
[0.492s] Invoked command in '/home/ubuntu/robot_ws/build/ubicoders_stereo_vo' returned '0': CMAKE_PREFIX_PATH=${CMAKE_PREFIX_PATH}:/opt/ros/jazzy CONDA_PROMPT_MODIFIER=(base) /usr/bin/cmake --install /home/ubuntu/robot_ws/build/ubicoders_stereo_vo
