[ 25%] [32mBuilding CXX object CMakeFiles/sv_lib.dir/src/ubicoders_svo_publishers.cpp.o[0m
[ 50%] [32m[1mLinking CXX static library libsv_lib.a[0m
[ 50%] Built target sv_lib
[ 75%] [32mBuilding CXX object CMakeFiles/ubicoders_svo_node.dir/src/ubicoders_svo_node.cpp.o[0m
[100%] [32m[1mLinking CXX executable ubicoders_svo_node[0m
[100%] Built target ubicoders_svo_node
-- Install configuration: ""
-- Execute custom install script
-- Up-to-date symlink: /home/ubuntu/robot_ws/install/ubicoders_stereo_vo/lib/ubicoders_stereo_vo/ubicoders_svo_node
-- Up-to-date symlink: /home/ubuntu/robot_ws/install/ubicoders_stereo_vo/share/ament_index/resource_index/package_run_dependencies/ubicoders_stereo_vo
-- Up-to-date symlink: /home/ubuntu/robot_ws/install/ubicoders_stereo_vo/share/ament_index/resource_index/parent_prefix_path/ubicoders_stereo_vo
-- Up-to-date symlink: /home/ubuntu/robot_ws/install/ubicoders_stereo_vo/share/ubicoders_stereo_vo/environment/ament_prefix_path.sh
-- Up-to-date symlink: /home/ubuntu/robot_ws/install/ubicoders_stereo_vo/share/ubicoders_stereo_vo/environment/ament_prefix_path.dsv
-- Up-to-date symlink: /home/ubuntu/robot_ws/install/ubicoders_stereo_vo/share/ubicoders_stereo_vo/environment/path.sh
-- Up-to-date symlink: /home/ubuntu/robot_ws/install/ubicoders_stereo_vo/share/ubicoders_stereo_vo/environment/path.dsv
-- Up-to-date symlink: /home/ubuntu/robot_ws/install/ubicoders_stereo_vo/share/ubicoders_stereo_vo/local_setup.bash
-- Up-to-date symlink: /home/ubuntu/robot_ws/install/ubicoders_stereo_vo/share/ubicoders_stereo_vo/local_setup.sh
-- Up-to-date symlink: /home/ubuntu/robot_ws/install/ubicoders_stereo_vo/share/ubicoders_stereo_vo/local_setup.zsh
-- Up-to-date symlink: /home/ubuntu/robot_ws/install/ubicoders_stereo_vo/share/ubicoders_stereo_vo/local_setup.dsv
-- Symlinking: /home/ubuntu/robot_ws/install/ubicoders_stereo_vo/share/ubicoders_stereo_vo/package.dsv
-- Up-to-date symlink: /home/ubuntu/robot_ws/install/ubicoders_stereo_vo/share/ament_index/resource_index/packages/ubicoders_stereo_vo
-- Up-to-date symlink: /home/ubuntu/robot_ws/install/ubicoders_stereo_vo/share/ubicoders_stereo_vo/cmake/ubicoders_stereo_voConfig.cmake
-- Up-to-date symlink: /home/ubuntu/robot_ws/install/ubicoders_stereo_vo/share/ubicoders_stereo_vo/cmake/ubicoders_stereo_voConfig-version.cmake
-- Up-to-date symlink: /home/ubuntu/robot_ws/install/ubicoders_stereo_vo/share/ubicoders_stereo_vo/package.xml
