[0.040s] Invoking command in '/home/ubuntu/robot_ws/build/ubicoders_stereo_vo': CMAKE_PREFIX_PATH=${CMAKE_PREFIX_PATH}:/opt/ros/jazzy CONDA_PROMPT_MODIFIER=(base) /usr/bin/cmake /home/ubuntu/robot_ws/src/ubicoders_stereo_vo -DCMAKE_EXPORT_COMPILE_COMMANDS=ON -DAMENT_CMAKE_SYMLINK_INSTALL=1 -DCMAKE_INSTALL_PREFIX=/home/ubuntu/robot_ws/install/ubicoders_stereo_vo
[0.079s] -- Found ament_cmake: 2.5.4 (/opt/ros/jazzy/share/ament_cmake/cmake)
[0.467s] -- Override CMake install command with custom implementation using symlinks instead of copying resources
[0.498s] -- Found rclcpp: 28.1.13 (/opt/ros/jazzy/share/rclcpp/cmake)
[0.558s] -- Found rosidl_generator_c: 4.6.6 (/opt/ros/jazzy/share/rosidl_generator_c/cmake)
[0.589s] -- Found rosidl_generator_cpp: 4.6.6 (/opt/ros/jazzy/share/rosidl_generator_cpp/cmake)
[0.615s] -- Using all available rosidl_typesupport_c: rosidl_typesupport_fastrtps_c;rosidl_typesupport_introspection_c
[0.655s] -- Using all available rosidl_typesupport_cpp: rosidl_typesupport_fastrtps_cpp;rosidl_typesupport_introspection_cpp
[0.805s] -- Found rmw_implementation_cmake: 7.3.2 (/opt/ros/jazzy/share/rmw_implementation_cmake/cmake)
[0.807s] -- Found rmw_fastrtps_cpp: 8.4.3 (/opt/ros/jazzy/share/rmw_fastrtps_cpp/cmake)
[0.936s] -- Using RMW implementation 'rmw_fastrtps_cpp' as default
[1.016s] -- Found sensor_msgs: 5.3.6 (/opt/ros/jazzy/share/sensor_msgs/cmake)
[1.105s] -- Found nav_msgs: 5.3.6 (/opt/ros/jazzy/share/nav_msgs/cmake)
[1.135s] -- Found tf2_eigen: 0.36.16 (/opt/ros/jazzy/share/tf2_eigen/cmake)
[1.309s] -- Found cv_bridge: 4.1.0 (/opt/ros/jazzy/share/cv_bridge/cmake)
[1.338s] -- Found ament_lint_auto: 0.17.3 (/opt/ros/jazzy/share/ament_lint_auto/cmake)
[1.465s] -- Added test 'cppcheck' to perform static code analysis on C / C++ code
[1.465s] -- Configured cppcheck include dirs: /home/ubuntu/robot_ws/src/ubicoders_stereo_vo/include
[1.466s] -- Configured cppcheck exclude dirs and/or files: 
[1.467s] -- Added test 'lint_cmake' to check CMake code style
[1.473s] -- Added test 'uncrustify' to check C / C++ code style
[1.474s] -- Configured uncrustify additional arguments: 
[1.474s] -- Added test 'xmllint' to check XML markup files
[1.483s] -- Configuring done (1.4s)
[1.575s] -- Generating done (0.1s)
[1.602s] -- Build files have been written to: /home/ubuntu/robot_ws/build/ubicoders_stereo_vo
[1.625s] Invoked command in '/home/ubuntu/robot_ws/build/ubicoders_stereo_vo' returned '0': CMAKE_PREFIX_PATH=${CMAKE_PREFIX_PATH}:/opt/ros/jazzy CONDA_PROMPT_MODIFIER=(base) /usr/bin/cmake /home/ubuntu/robot_ws/src/ubicoders_stereo_vo -DCMAKE_EXPORT_COMPILE_COMMANDS=ON -DAMENT_CMAKE_SYMLINK_INSTALL=1 -DCMAKE_INSTALL_PREFIX=/home/ubuntu/robot_ws/install/ubicoders_stereo_vo
[1.628s] Invoking command in '/home/ubuntu/robot_ws/build/ubicoders_stereo_vo': CMAKE_PREFIX_PATH=${CMAKE_PREFIX_PATH}:/opt/ros/jazzy CONDA_PROMPT_MODIFIER=(base) /usr/bin/cmake --build /home/ubuntu/robot_ws/build/ubicoders_stereo_vo -- -j28 -l28
[1.781s] [ 25%] [32mBuilding CXX object CMakeFiles/sv_lib.dir/src/ubicoders_svo_node.cpp.o[0m
[1.840s] [ 50%] [32m[1mLinking CXX static library libsv_lib.a[0m
[1.934s] [ 50%] Built target sv_lib
[2.013s] [ 75%] [32mBuilding CXX object CMakeFiles/ubicoders_svo_node.dir/src/ubicoders_svo_node.cpp.o[0m
[2.070s] [100%] [32m[1mLinking CXX executable ubicoders_svo_node[0m
[3.358s] /usr/bin/ld: /usr/lib/gcc/x86_64-linux-gnu/13/../../../x86_64-linux-gnu/Scrt1.o: in function `_start':
[3.358s] (.text+0x1b): undefined reference to `main'
[3.364s] collect2: error: ld returned 1 exit status
[3.368s] gmake[2]: *** [CMakeFiles/ubicoders_svo_node.dir/build.make:280: ubicoders_svo_node] Error 1
[3.369s] gmake[1]: *** [CMakeFiles/Makefile2:165: CMakeFiles/ubicoders_svo_node.dir/all] Error 2
[3.369s] gmake: *** [Makefile:146: all] Error 2
[3.375s] Invoked command in '/home/ubuntu/robot_ws/build/ubicoders_stereo_vo' returned '2': CMAKE_PREFIX_PATH=${CMAKE_PREFIX_PATH}:/opt/ros/jazzy CONDA_PROMPT_MODIFIER=(base) /usr/bin/cmake --build /home/ubuntu/robot_ws/build/ubicoders_stereo_vo -- -j28 -l28
