[0.038s] Invoking command in '/home/ubuntu/robot_ws/build/kitti_image_publisher': CMAKE_PREFIX_PATH=${CMAKE_PREFIX_PATH}:/opt/ros/jazzy CONDA_PROMPT_MODIFIER=(base) /usr/bin/cmake --build /home/ubuntu/robot_ws/build/kitti_image_publisher -- -j28 -l28
[0.190s] [100%] Built target kitti_image_publisher_node
[0.224s] Invoked command in '/home/ubuntu/robot_ws/build/kitti_image_publisher' returned '0': CMAKE_PREFIX_PATH=${CMAKE_PREFIX_PATH}:/opt/ros/jazzy CONDA_PROMPT_MODIFIER=(base) /usr/bin/cmake --build /home/ubuntu/robot_ws/build/kitti_image_publisher -- -j28 -l28
[0.255s] Invoking command in '/home/ubuntu/robot_ws/build/kitti_image_publisher': CMAKE_PREFIX_PATH=${CMAKE_PREFIX_PATH}:/opt/ros/jazzy CONDA_PROMPT_MODIFIER=(base) /usr/bin/cmake --install /home/ubuntu/robot_ws/build/kitti_image_publisher
[0.272s] -- Install configuration: ""
[0.273s] -- Execute custom install script
[0.274s] -- Up-to-date symlink: /home/ubuntu/robot_ws/install/kitti_image_publisher/lib/kitti_image_publisher/kitti_image_publisher_node
[0.275s] -- Up-to-date symlink: /home/ubuntu/robot_ws/install/kitti_image_publisher/share/ament_index/resource_index/package_run_dependencies/kitti_image_publisher
[0.276s] -- Up-to-date symlink: /home/ubuntu/robot_ws/install/kitti_image_publisher/share/ament_index/resource_index/parent_prefix_path/kitti_image_publisher
[0.277s] -- Up-to-date symlink: /home/ubuntu/robot_ws/install/kitti_image_publisher/share/kitti_image_publisher/environment/ament_prefix_path.sh
[0.278s] -- Up-to-date symlink: /home/ubuntu/robot_ws/install/kitti_image_publisher/share/kitti_image_publisher/environment/ament_prefix_path.dsv
[0.279s] -- Up-to-date symlink: /home/ubuntu/robot_ws/install/kitti_image_publisher/share/kitti_image_publisher/environment/path.sh
[0.280s] -- Up-to-date symlink: /home/ubuntu/robot_ws/install/kitti_image_publisher/share/kitti_image_publisher/environment/path.dsv
[0.281s] -- Up-to-date symlink: /home/ubuntu/robot_ws/install/kitti_image_publisher/share/kitti_image_publisher/local_setup.bash
[0.282s] -- Up-to-date symlink: /home/ubuntu/robot_ws/install/kitti_image_publisher/share/kitti_image_publisher/local_setup.sh
[0.284s] -- Up-to-date symlink: /home/ubuntu/robot_ws/install/kitti_image_publisher/share/kitti_image_publisher/local_setup.zsh
[0.285s] -- Up-to-date symlink: /home/ubuntu/robot_ws/install/kitti_image_publisher/share/kitti_image_publisher/local_setup.dsv
[0.285s] -- Symlinking: /home/ubuntu/robot_ws/install/kitti_image_publisher/share/kitti_image_publisher/package.dsv
[0.315s] -- Up-to-date symlink: /home/ubuntu/robot_ws/install/kitti_image_publisher/share/ament_index/resource_index/packages/kitti_image_publisher
[0.316s] -- Up-to-date symlink: /home/ubuntu/robot_ws/install/kitti_image_publisher/share/kitti_image_publisher/cmake/kitti_image_publisherConfig.cmake
[0.317s] -- Up-to-date symlink: /home/ubuntu/robot_ws/install/kitti_image_publisher/share/kitti_image_publisher/cmake/kitti_image_publisherConfig-version.cmake
[0.318s] -- Up-to-date symlink: /home/ubuntu/robot_ws/install/kitti_image_publisher/share/kitti_image_publisher/package.xml
[0.326s] Invoked command in '/home/ubuntu/robot_ws/build/kitti_image_publisher' returned '0': CMAKE_PREFIX_PATH=${CMAKE_PREFIX_PATH}:/opt/ros/jazzy CONDA_PROMPT_MODIFIER=(base) /usr/bin/cmake --install /home/ubuntu/robot_ws/build/kitti_image_publisher
