[0.028s] Invoking command in '/home/ubuntu/robot_ws/build/kitti_image_publisher': CMAKE_PREFIX_PATH=${CMAKE_PREFIX_PATH}:/opt/ros/jazzy CONDA_PROMPT_MODIFIER=(base) /usr/bin/cmake /home/ubuntu/robot_ws/src/kitti_image_publisher -DCMAKE_INSTALL_PREFIX=/home/ubuntu/robot_ws/install/kitti_image_publisher
[0.068s] -- Found ament_cmake: 2.5.4 (/opt/ros/jazzy/share/ament_cmake/cmake)
[0.341s] -- Override CMake install command with custom implementation using symlinks instead of copying resources
[0.363s] -- Found rclcpp: 28.1.13 (/opt/ros/jazzy/share/rclcpp/cmake)
[0.435s] -- Found rosidl_generator_c: 4.6.6 (/opt/ros/jazzy/share/rosidl_generator_c/cmake)
[0.463s] -- Found rosidl_generator_cpp: 4.6.6 (/opt/ros/jazzy/share/rosidl_generator_cpp/cmake)
[0.479s] -- Using all available rosidl_typesupport_c: rosidl_typesupport_fastrtps_c;rosidl_typesupport_introspection_c
[0.494s] -- Using all available rosidl_typesupport_cpp: rosidl_typesupport_fastrtps_cpp;rosidl_typesupport_introspection_cpp
[0.601s] -- Found rmw_implementation_cmake: 7.3.2 (/opt/ros/jazzy/share/rmw_implementation_cmake/cmake)
[0.604s] -- Found rmw_fastrtps_cpp: 8.4.3 (/opt/ros/jazzy/share/rmw_fastrtps_cpp/cmake)
[0.712s] -- Using RMW implementation 'rmw_fastrtps_cpp' as default
[0.850s] -- Found sensor_msgs: 5.3.6 (/opt/ros/jazzy/share/sensor_msgs/cmake)
[0.958s] -- Found cv_bridge: 4.1.0 (/opt/ros/jazzy/share/cv_bridge/cmake)
[1.187s] -- Configuring done (1.1s)
[1.256s] -- Generating done (0.0s)
[1.284s] -- Build files have been written to: /home/ubuntu/robot_ws/build/kitti_image_publisher
[1.309s] Invoked command in '/home/ubuntu/robot_ws/build/kitti_image_publisher' returned '0': CMAKE_PREFIX_PATH=${CMAKE_PREFIX_PATH}:/opt/ros/jazzy CONDA_PROMPT_MODIFIER=(base) /usr/bin/cmake /home/ubuntu/robot_ws/src/kitti_image_publisher -DCMAKE_INSTALL_PREFIX=/home/ubuntu/robot_ws/install/kitti_image_publisher
[1.320s] Invoking command in '/home/ubuntu/robot_ws/build/kitti_image_publisher': CMAKE_PREFIX_PATH=${CMAKE_PREFIX_PATH}:/opt/ros/jazzy CONDA_PROMPT_MODIFIER=(base) /usr/bin/cmake --build /home/ubuntu/robot_ws/build/kitti_image_publisher -- -j28 -l28
[1.652s] [100%] Built target kitti_image_publisher_node
[1.671s] Invoked command in '/home/ubuntu/robot_ws/build/kitti_image_publisher' returned '0': CMAKE_PREFIX_PATH=${CMAKE_PREFIX_PATH}:/opt/ros/jazzy CONDA_PROMPT_MODIFIER=(base) /usr/bin/cmake --build /home/ubuntu/robot_ws/build/kitti_image_publisher -- -j28 -l28
[1.694s] Invoking command in '/home/ubuntu/robot_ws/build/kitti_image_publisher': CMAKE_PREFIX_PATH=${CMAKE_PREFIX_PATH}:/opt/ros/jazzy CONDA_PROMPT_MODIFIER=(base) /usr/bin/cmake --install /home/ubuntu/robot_ws/build/kitti_image_publisher
[1.719s] -- Install configuration: ""
[1.720s] -- Execute custom install script
[1.722s] -- Up-to-date symlink: /home/ubuntu/robot_ws/install/kitti_image_publisher/lib/kitti_image_publisher/kitti_image_publisher_node
[1.724s] -- Up-to-date symlink: /home/ubuntu/robot_ws/install/kitti_image_publisher/share/ament_index/resource_index/package_run_dependencies/kitti_image_publisher
[1.725s] -- Up-to-date symlink: /home/ubuntu/robot_ws/install/kitti_image_publisher/share/ament_index/resource_index/parent_prefix_path/kitti_image_publisher
[1.726s] -- Up-to-date symlink: /home/ubuntu/robot_ws/install/kitti_image_publisher/share/kitti_image_publisher/environment/ament_prefix_path.sh
[1.727s] -- Up-to-date symlink: /home/ubuntu/robot_ws/install/kitti_image_publisher/share/kitti_image_publisher/environment/ament_prefix_path.dsv
[1.728s] -- Up-to-date symlink: /home/ubuntu/robot_ws/install/kitti_image_publisher/share/kitti_image_publisher/environment/path.sh
[1.729s] -- Up-to-date symlink: /home/ubuntu/robot_ws/install/kitti_image_publisher/share/kitti_image_publisher/environment/path.dsv
[1.730s] -- Up-to-date symlink: /home/ubuntu/robot_ws/install/kitti_image_publisher/share/kitti_image_publisher/local_setup.bash
[1.732s] -- Up-to-date symlink: /home/ubuntu/robot_ws/install/kitti_image_publisher/share/kitti_image_publisher/local_setup.sh
[1.733s] -- Up-to-date symlink: /home/ubuntu/robot_ws/install/kitti_image_publisher/share/kitti_image_publisher/local_setup.zsh
[1.735s] -- Up-to-date symlink: /home/ubuntu/robot_ws/install/kitti_image_publisher/share/kitti_image_publisher/local_setup.dsv
[1.736s] -- Symlinking: /home/ubuntu/robot_ws/install/kitti_image_publisher/share/kitti_image_publisher/package.dsv
[1.766s] -- Up-to-date symlink: /home/ubuntu/robot_ws/install/kitti_image_publisher/share/ament_index/resource_index/packages/kitti_image_publisher
[1.767s] -- Up-to-date symlink: /home/ubuntu/robot_ws/install/kitti_image_publisher/share/kitti_image_publisher/cmake/kitti_image_publisherConfig.cmake
[1.767s] -- Up-to-date symlink: /home/ubuntu/robot_ws/install/kitti_image_publisher/share/kitti_image_publisher/cmake/kitti_image_publisherConfig-version.cmake
[1.768s] -- Up-to-date symlink: /home/ubuntu/robot_ws/install/kitti_image_publisher/share/kitti_image_publisher/package.xml
[1.772s] Invoked command in '/home/ubuntu/robot_ws/build/kitti_image_publisher' returned '0': CMAKE_PREFIX_PATH=${CMAKE_PREFIX_PATH}:/opt/ros/jazzy CONDA_PROMPT_MODIFIER=(base) /usr/bin/cmake --install /home/ubuntu/robot_ws/build/kitti_image_publisher
