[-1764112466136919808.000s] DEBUG:colcon:Command line arguments: ['/miniconda/bin/colcon', 'build', '--packages-select', 'ubicoders_stereo_vo', '--cmake-args', '-DCMAKE_EXPORT_COMPILE_COMMANDS=ON']
[-1764112466136919808.000s] DEBUG:colcon:Parsed command line arguments: Namespace(log_base=None, log_level=None, verb_name='build', build_base='build', install_base='install', merge_install=False, symlink_install=False, test_result_base=None, continue_on_error=False, executor='parallel', parallel_workers=28, event_handlers=None, ignore_user_meta=False, metas=['./colcon.meta'], base_paths=['.'], packages_ignore=None, packages_ignore_regex=None, paths=None, packages_up_to=None, packages_up_to_regex=None, packages_above=None, packages_above_and_dependencies=None, packages_above_depth=None, packages_select_by_dep=None, packages_skip_by_dep=None, packages_skip_up_to=None, packages_select_build_failed=False, packages_skip_build_finished=False, packages_select_test_failures=False, packages_skip_test_passed=False, packages_select=['ubicoders_stereo_vo'], packages_skip=None, packages_select_regex=None, packages_skip_regex=None, packages_start=None, packages_end=None, cmake_args=['-DCMAKE_EXPORT_COMPILE_COMMANDS=ON'], cmake_target=None, cmake_target_skip_unavailable=False, cmake_clean_cache=False, cmake_clean_first=False, cmake_force_configure=False, ament_cmake_args=None, catkin_cmake_args=None, catkin_skip_building_tests=False, verb_parser=<colcon_defaults.argument_parser.defaults.DefaultArgumentsDecorator object at 0x779fc2f60690>, verb_extension=<colcon_core.verb.build.BuildVerb object at 0x779fc3139940>, main=<bound method BuildVerb.main of <colcon_core.verb.build.BuildVerb object at 0x779fc3139940>>)
[-1764112466136919808.000s] Level 1:colcon.colcon_core.package_discovery:discover_packages(colcon_meta) check parameters
[-1764112466136919808.000s] INFO:colcon.colcon_metadata.package_discovery.colcon_meta:Using configuration from '/root/.colcon/metadata/default/Gazebo.meta'
[-1764112466136919808.000s] INFO:colcon.colcon_metadata.package_discovery.colcon_meta:Using configuration from '/root/.colcon/metadata/default/fastdds.meta'
[-1764112466136919808.000s] INFO:colcon.colcon_metadata.package_discovery.colcon_meta:Using configuration from '/root/.colcon/metadata/default/fastrtps.meta'
[-1764112466136919808.000s] Level 1:colcon.colcon_core.package_discovery:discover_packages(recursive) check parameters
[-1764112466136919808.000s] Level 1:colcon.colcon_core.package_discovery:discover_packages(ignore) check parameters
[-1764112466136919808.000s] Level 1:colcon.colcon_core.package_discovery:discover_packages(path) check parameters
[-1764112466136919808.000s] Level 1:colcon.colcon_core.package_discovery:discover_packages(colcon_meta) discover
[-1764112466136919808.000s] Level 1:colcon.colcon_core.package_discovery:discover_packages(recursive) discover
[-1764112466136919808.000s] INFO:colcon.colcon_core.package_discovery:Crawling recursively for packages in '/home/ubuntu/robot_ws'
[-1764112466136919808.000s] Level 1:colcon.colcon_core.package_identification:_identify(.) by extensions ['ignore', 'ignore_ament_install']
[-1764112466136919808.000s] Level 1:colcon.colcon_core.package_identification:_identify(.) by extension 'ignore'
[-1764112466136919808.000s] Level 1:colcon.colcon_core.package_identification:_identify(.) by extension 'ignore_ament_install'
[-1764112466136919808.000s] Level 1:colcon.colcon_core.package_identification:_identify(.) by extensions ['colcon_pkg']
[-1764112466136919808.000s] Level 1:colcon.colcon_core.package_identification:_identify(.) by extension 'colcon_pkg'
[-1764112466136919808.000s] Level 1:colcon.colcon_core.package_identification:_identify(.) by extensions ['colcon_meta']
[-1764112466136919808.000s] Level 1:colcon.colcon_core.package_identification:_identify(.) by extension 'colcon_meta'
[-1764112466136919808.000s] Level 1:colcon.colcon_core.package_identification:_identify(.) by extensions ['ros']
[-1764112466136919808.000s] Level 1:colcon.colcon_core.package_identification:_identify(.) by extension 'ros'
[-1764112466136919808.000s] Level 1:colcon.colcon_core.package_identification:_identify(.) by extensions ['cmake', 'python']
[-1764112466136919808.000s] Level 1:colcon.colcon_core.package_identification:_identify(.) by extension 'cmake'
[-1764112466136919808.000s] Level 1:colcon.colcon_core.package_identification:_identify(.) by extension 'python'
[-1764112466136919808.000s] Level 1:colcon.colcon_core.package_identification:_identify(.) by extensions ['python_setup_py']
[-1764112466136919808.000s] Level 1:colcon.colcon_core.package_identification:_identify(.) by extension 'python_setup_py'
[-1764112466136919808.000s] Level 1:colcon.colcon_core.package_identification:_identify(build) by extensions ['ignore', 'ignore_ament_install']
[-1764112466136919808.000s] Level 1:colcon.colcon_core.package_identification:_identify(build) by extension 'ignore'
[-1764112466136919808.000s] Level 1:colcon.colcon_core.package_identification:_identify(build) ignored
[-1764112466136919808.000s] Level 1:colcon.colcon_core.package_identification:_identify(install) by extensions ['ignore', 'ignore_ament_install']
[-1764112466136919808.000s] Level 1:colcon.colcon_core.package_identification:_identify(install) by extension 'ignore'
[-1764112466136919808.000s] Level 1:colcon.colcon_core.package_identification:_identify(install) ignored
[-1764112466136919808.000s] Level 1:colcon.colcon_core.package_identification:_identify(log) by extensions ['ignore', 'ignore_ament_install']
[-1764112466136919808.000s] Level 1:colcon.colcon_core.package_identification:_identify(log) by extension 'ignore'
[-1764112466136919808.000s] Level 1:colcon.colcon_core.package_identification:_identify(log) ignored
[-1764112466136919808.000s] Level 1:colcon.colcon_core.package_identification:_identify(src) by extensions ['ignore', 'ignore_ament_install']
[-1764112466136919808.000s] Level 1:colcon.colcon_core.package_identification:_identify(src) by extension 'ignore'
[-1764112466136919808.000s] Level 1:colcon.colcon_core.package_identification:_identify(src) by extension 'ignore_ament_install'
[-1764112466136919808.000s] Level 1:colcon.colcon_core.package_identification:_identify(src) by extensions ['colcon_pkg']
[-1764112466136919808.000s] Level 1:colcon.colcon_core.package_identification:_identify(src) by extension 'colcon_pkg'
[-1764112466136919808.000s] Level 1:colcon.colcon_core.package_identification:_identify(src) by extensions ['colcon_meta']
[-1764112466136919808.000s] Level 1:colcon.colcon_core.package_identification:_identify(src) by extension 'colcon_meta'
[-1764112466136919808.000s] Level 1:colcon.colcon_core.package_identification:_identify(src) by extensions ['ros']
[-1764112466136919808.000s] Level 1:colcon.colcon_core.package_identification:_identify(src) by extension 'ros'
[-1764112466136919808.000s] Level 1:colcon.colcon_core.package_identification:_identify(src) by extensions ['cmake', 'python']
[-1764112466136919808.000s] Level 1:colcon.colcon_core.package_identification:_identify(src) by extension 'cmake'
[-1764112466136919808.000s] Level 1:colcon.colcon_core.package_identification:_identify(src) by extension 'python'
[-1764112466136919808.000s] Level 1:colcon.colcon_core.package_identification:_identify(src) by extensions ['python_setup_py']
[-1764112466136919808.000s] Level 1:colcon.colcon_core.package_identification:_identify(src) by extension 'python_setup_py'
[-1764112466136919808.000s] Level 1:colcon.colcon_core.package_identification:_identify(src/kitti_image_publisher) by extensions ['ignore', 'ignore_ament_install']
[-1764112466136919808.000s] Level 1:colcon.colcon_core.package_identification:_identify(src/kitti_image_publisher) by extension 'ignore'
[-1764112466136919808.000s] Level 1:colcon.colcon_core.package_identification:_identify(src/kitti_image_publisher) by extension 'ignore_ament_install'
[-1764112466136919808.000s] Level 1:colcon.colcon_core.package_identification:_identify(src/kitti_image_publisher) by extensions ['colcon_pkg']
[-1764112466136919808.000s] Level 1:colcon.colcon_core.package_identification:_identify(src/kitti_image_publisher) by extension 'colcon_pkg'
[-1764112466136919808.000s] Level 1:colcon.colcon_core.package_identification:_identify(src/kitti_image_publisher) by extensions ['colcon_meta']
[-1764112466136919808.000s] Level 1:colcon.colcon_core.package_identification:_identify(src/kitti_image_publisher) by extension 'colcon_meta'
[-1764112466136919808.000s] Level 1:colcon.colcon_core.package_identification:_identify(src/kitti_image_publisher) by extensions ['ros']
[-1764112466136919808.000s] Level 1:colcon.colcon_core.package_identification:_identify(src/kitti_image_publisher) by extension 'ros'
[-1764112466136919808.000s] DEBUG:colcon.colcon_core.package_identification:Package 'src/kitti_image_publisher' with type 'ros.ament_cmake' and name 'kitti_image_publisher'
[-1764112466136919808.000s] Level 1:colcon.colcon_core.package_identification:_identify(src/ubicoders_stereo_vo) by extensions ['ignore', 'ignore_ament_install']
[-1764112466136919808.000s] Level 1:colcon.colcon_core.package_identification:_identify(src/ubicoders_stereo_vo) by extension 'ignore'
[-1764112466136919808.000s] Level 1:colcon.colcon_core.package_identification:_identify(src/ubicoders_stereo_vo) by extension 'ignore_ament_install'
[-1764112466136919808.000s] Level 1:colcon.colcon_core.package_identification:_identify(src/ubicoders_stereo_vo) by extensions ['colcon_pkg']
[-1764112466136919808.000s] Level 1:colcon.colcon_core.package_identification:_identify(src/ubicoders_stereo_vo) by extension 'colcon_pkg'
[-1764112466136919808.000s] Level 1:colcon.colcon_core.package_identification:_identify(src/ubicoders_stereo_vo) by extensions ['colcon_meta']
[-1764112466136919808.000s] Level 1:colcon.colcon_core.package_identification:_identify(src/ubicoders_stereo_vo) by extension 'colcon_meta'
[-1764112466136919808.000s] Level 1:colcon.colcon_core.package_identification:_identify(src/ubicoders_stereo_vo) by extensions ['ros']
[-1764112466136919808.000s] Level 1:colcon.colcon_core.package_identification:_identify(src/ubicoders_stereo_vo) by extension 'ros'
[-1764112466136919808.000s] DEBUG:colcon.colcon_core.package_identification:Package 'src/ubicoders_stereo_vo' with type 'ros.ament_cmake' and name 'ubicoders_stereo_vo'
[-1764112466136919808.000s] Level 1:colcon.colcon_core.package_discovery:discover_packages(recursive) using defaults
[-1764112466136919808.000s] Level 1:colcon.colcon_core.package_discovery:discover_packages(ignore) discover
[-1764112466136919808.000s] Level 1:colcon.colcon_core.package_discovery:discover_packages(ignore) using defaults
[-1764112466136919808.000s] Level 1:colcon.colcon_core.package_discovery:discover_packages(path) discover
[-1764112466136919808.000s] Level 1:colcon.colcon_core.package_discovery:discover_packages(path) using defaults
[-1764112466136919808.000s] INFO:colcon.colcon_core.package_selection:Skipping not selected package 'kitti_image_publisher' in 'src/kitti_image_publisher'
[-1764112466136919808.000s] Level 5:colcon.colcon_core.verb:set package 'ubicoders_stereo_vo' build argument 'cmake_args' from command line to '['-DCMAKE_EXPORT_COMPILE_COMMANDS=ON']'
[-1764112466136919808.000s] Level 5:colcon.colcon_core.verb:set package 'ubicoders_stereo_vo' build argument 'cmake_target' from command line to 'None'
[-1764112466136919808.000s] Level 5:colcon.colcon_core.verb:set package 'ubicoders_stereo_vo' build argument 'cmake_target_skip_unavailable' from command line to 'False'
[-1764112466136919808.000s] Level 5:colcon.colcon_core.verb:set package 'ubicoders_stereo_vo' build argument 'cmake_clean_cache' from command line to 'False'
[-1764112466136919808.000s] Level 5:colcon.colcon_core.verb:set package 'ubicoders_stereo_vo' build argument 'cmake_clean_first' from command line to 'False'
[-1764112466136919808.000s] Level 5:colcon.colcon_core.verb:set package 'ubicoders_stereo_vo' build argument 'cmake_force_configure' from command line to 'False'
[-1764112466136919808.000s] Level 5:colcon.colcon_core.verb:set package 'ubicoders_stereo_vo' build argument 'ament_cmake_args' from command line to 'None'
[-1764112466136919808.000s] Level 5:colcon.colcon_core.verb:set package 'ubicoders_stereo_vo' build argument 'catkin_cmake_args' from command line to 'None'
[-1764112466136919808.000s] Level 5:colcon.colcon_core.verb:set package 'ubicoders_stereo_vo' build argument 'catkin_skip_building_tests' from command line to 'False'
[-1764112466136919808.000s] DEBUG:colcon.colcon_core.verb:Building package 'ubicoders_stereo_vo' with the following arguments: {'ament_cmake_args': None, 'build_base': '/home/ubuntu/robot_ws/build/ubicoders_stereo_vo', 'catkin_cmake_args': None, 'catkin_skip_building_tests': False, 'cmake_args': ['-DCMAKE_EXPORT_COMPILE_COMMANDS=ON'], 'cmake_clean_cache': False, 'cmake_clean_first': False, 'cmake_force_configure': False, 'cmake_target': None, 'cmake_target_skip_unavailable': False, 'install_base': '/home/ubuntu/robot_ws/install/ubicoders_stereo_vo', 'merge_install': False, 'path': '/home/ubuntu/robot_ws/src/ubicoders_stereo_vo', 'symlink_install': False, 'test_result_base': None}
[-1764112466136919808.000s] INFO:colcon.colcon_core.executor:Executing jobs using 'parallel' executor
[-1764112466136919808.000s] DEBUG:colcon.colcon_parallel_executor.executor.parallel:run_until_complete
[-1764112466136919808.000s] INFO:colcon.colcon_ros.task.ament_cmake.build:Building ROS package in '/home/ubuntu/robot_ws/src/ubicoders_stereo_vo' with build type 'ament_cmake'
[-1764112466136919808.000s] INFO:colcon.colcon_cmake.task.cmake.build:Building CMake package in '/home/ubuntu/robot_ws/src/ubicoders_stereo_vo'
[-1764112466136919808.000s] INFO:colcon.colcon_core.plugin_system:Skipping extension 'colcon_core.shell.bat': Not used on non-Windows systems
[-1764112466136919808.000s] INFO:colcon.colcon_core.shell:Skip shell extension 'powershell' for command environment: Not usable outside of PowerShell
[-1764112466136919808.000s] DEBUG:colcon.colcon_core.shell:Skip shell extension 'dsv' for command environment
[-1764112466136919808.000s] DEBUG:colcon.colcon_core.event_handler.log_command:Invoking command in '/home/ubuntu/robot_ws/build/ubicoders_stereo_vo': CMAKE_PREFIX_PATH=${CMAKE_PREFIX_PATH}:/opt/ros/jazzy CONDA_PROMPT_MODIFIER=(base) /usr/bin/cmake --build /home/ubuntu/robot_ws/build/ubicoders_stereo_vo -- -j28 -l28
[-1764112466136919808.000s] DEBUG:colcon.colcon_core.event_handler.log_command:Invoked command in '/home/ubuntu/robot_ws/build/ubicoders_stereo_vo' returned '0': CMAKE_PREFIX_PATH=${CMAKE_PREFIX_PATH}:/opt/ros/jazzy CONDA_PROMPT_MODIFIER=(base) /usr/bin/cmake --build /home/ubuntu/robot_ws/build/ubicoders_stereo_vo -- -j28 -l28
[-1764112466136919808.000s] DEBUG:colcon.colcon_core.event_handler.log_command:Invoking command in '/home/ubuntu/robot_ws/build/ubicoders_stereo_vo': CMAKE_PREFIX_PATH=${CMAKE_PREFIX_PATH}:/opt/ros/jazzy CONDA_PROMPT_MODIFIER=(base) /usr/bin/cmake --install /home/ubuntu/robot_ws/build/ubicoders_stereo_vo
[-1764112466136919808.000s] Level 1:colcon.colcon_core.environment:create_environment_scripts_only(ubicoders_stereo_vo)
[-1764112466136919808.000s] DEBUG:colcon.colcon_core.event_handler.log_command:Invoked command in '/home/ubuntu/robot_ws/build/ubicoders_stereo_vo' returned '0': CMAKE_PREFIX_PATH=${CMAKE_PREFIX_PATH}:/opt/ros/jazzy CONDA_PROMPT_MODIFIER=(base) /usr/bin/cmake --install /home/ubuntu/robot_ws/build/ubicoders_stereo_vo
[-1764112466136919808.000s] Level 1:colcon.colcon_core.environment:checking '/home/ubuntu/robot_ws/install/ubicoders_stereo_vo' for CMake module files
[-1764112466136919808.000s] Level 1:colcon.colcon_core.environment:checking '/home/ubuntu/robot_ws/install/ubicoders_stereo_vo' for CMake config files
[-1764112466136919808.000s] Level 1:colcon.colcon_core.shell:create_environment_hook('ubicoders_stereo_vo', 'cmake_prefix_path')
[-1764112466136919808.000s] INFO:colcon.colcon_core.shell:Creating environment hook '/home/ubuntu/robot_ws/install/ubicoders_stereo_vo/share/ubicoders_stereo_vo/hook/cmake_prefix_path.ps1'
[-1764112466136919808.000s] INFO:colcon.colcon_core.shell:Creating environment descriptor '/home/ubuntu/robot_ws/install/ubicoders_stereo_vo/share/ubicoders_stereo_vo/hook/cmake_prefix_path.dsv'
[-1764112466136919808.000s] INFO:colcon.colcon_core.shell:Creating environment hook '/home/ubuntu/robot_ws/install/ubicoders_stereo_vo/share/ubicoders_stereo_vo/hook/cmake_prefix_path.sh'
[-1764112466136919808.000s] Level 1:colcon.colcon_core.environment:checking '/home/ubuntu/robot_ws/install/ubicoders_stereo_vo/lib'
[-1764112466136919808.000s] Level 1:colcon.colcon_core.environment:checking '/home/ubuntu/robot_ws/install/ubicoders_stereo_vo/bin'
[-1764112466136919808.000s] Level 1:colcon.colcon_core.environment:checking '/home/ubuntu/robot_ws/install/ubicoders_stereo_vo/lib/pkgconfig/ubicoders_stereo_vo.pc'
[-1764112466136919808.000s] Level 1:colcon.colcon_core.environment:checking '/home/ubuntu/robot_ws/install/ubicoders_stereo_vo/lib/python3.13/site-packages'
[-1764112466136919808.000s] Level 1:colcon.colcon_core.environment:checking '/home/ubuntu/robot_ws/install/ubicoders_stereo_vo/bin'
[-1764112466136919808.000s] INFO:colcon.colcon_core.shell:Creating package script '/home/ubuntu/robot_ws/install/ubicoders_stereo_vo/share/ubicoders_stereo_vo/package.ps1'
[-1764112466136919808.000s] INFO:colcon.colcon_core.shell:Creating package descriptor '/home/ubuntu/robot_ws/install/ubicoders_stereo_vo/share/ubicoders_stereo_vo/package.dsv'
[-1764112466136919808.000s] INFO:colcon.colcon_core.shell:Creating package script '/home/ubuntu/robot_ws/install/ubicoders_stereo_vo/share/ubicoders_stereo_vo/package.sh'
[-1764112466136919808.000s] INFO:colcon.colcon_core.shell:Creating package script '/home/ubuntu/robot_ws/install/ubicoders_stereo_vo/share/ubicoders_stereo_vo/package.bash'
[-1764112466136919808.000s] INFO:colcon.colcon_core.shell:Creating package script '/home/ubuntu/robot_ws/install/ubicoders_stereo_vo/share/ubicoders_stereo_vo/package.zsh'
[-1764112466136919808.000s] Level 1:colcon.colcon_core.environment:create_file_with_runtime_dependencies(/home/ubuntu/robot_ws/install/ubicoders_stereo_vo/share/colcon-core/packages/ubicoders_stereo_vo)
[-1764112466136919808.000s] Level 1:colcon.colcon_core.environment:create_environment_scripts_only(ubicoders_stereo_vo)
[-1764112466136919808.000s] Level 1:colcon.colcon_core.environment:checking '/home/ubuntu/robot_ws/install/ubicoders_stereo_vo' for CMake module files
[-1764112466136919808.000s] Level 1:colcon.colcon_core.environment:checking '/home/ubuntu/robot_ws/install/ubicoders_stereo_vo' for CMake config files
[-1764112466136919808.000s] Level 1:colcon.colcon_core.shell:create_environment_hook('ubicoders_stereo_vo', 'cmake_prefix_path')
[-1764112466136919808.000s] INFO:colcon.colcon_core.shell:Creating environment hook '/home/ubuntu/robot_ws/install/ubicoders_stereo_vo/share/ubicoders_stereo_vo/hook/cmake_prefix_path.ps1'
[-1764112466136919808.000s] INFO:colcon.colcon_core.shell:Creating environment descriptor '/home/ubuntu/robot_ws/install/ubicoders_stereo_vo/share/ubicoders_stereo_vo/hook/cmake_prefix_path.dsv'
[-1764112466136919808.000s] INFO:colcon.colcon_core.shell:Creating environment hook '/home/ubuntu/robot_ws/install/ubicoders_stereo_vo/share/ubicoders_stereo_vo/hook/cmake_prefix_path.sh'
[-1764112466136919808.000s] Level 1:colcon.colcon_core.environment:checking '/home/ubuntu/robot_ws/install/ubicoders_stereo_vo/lib'
[-1764112466136919808.000s] Level 1:colcon.colcon_core.environment:checking '/home/ubuntu/robot_ws/install/ubicoders_stereo_vo/bin'
[-1764112466136919808.000s] Level 1:colcon.colcon_core.environment:checking '/home/ubuntu/robot_ws/install/ubicoders_stereo_vo/lib/pkgconfig/ubicoders_stereo_vo.pc'
[-1764112466136919808.000s] Level 1:colcon.colcon_core.environment:checking '/home/ubuntu/robot_ws/install/ubicoders_stereo_vo/lib/python3.13/site-packages'
[-1764112466136919808.000s] Level 1:colcon.colcon_core.environment:checking '/home/ubuntu/robot_ws/install/ubicoders_stereo_vo/bin'
[-1764112466136919808.000s] INFO:colcon.colcon_core.shell:Creating package script '/home/ubuntu/robot_ws/install/ubicoders_stereo_vo/share/ubicoders_stereo_vo/package.ps1'
[-1764112466136919808.000s] INFO:colcon.colcon_core.shell:Creating package descriptor '/home/ubuntu/robot_ws/install/ubicoders_stereo_vo/share/ubicoders_stereo_vo/package.dsv'
[-1764112466136919808.000s] INFO:colcon.colcon_core.shell:Creating package script '/home/ubuntu/robot_ws/install/ubicoders_stereo_vo/share/ubicoders_stereo_vo/package.sh'
[-1764112466136919808.000s] INFO:colcon.colcon_core.shell:Creating package script '/home/ubuntu/robot_ws/install/ubicoders_stereo_vo/share/ubicoders_stereo_vo/package.bash'
[-1764112466136919808.000s] INFO:colcon.colcon_core.shell:Creating package script '/home/ubuntu/robot_ws/install/ubicoders_stereo_vo/share/ubicoders_stereo_vo/package.zsh'
[-1764112466136919808.000s] Level 1:colcon.colcon_core.environment:create_file_with_runtime_dependencies(/home/ubuntu/robot_ws/install/ubicoders_stereo_vo/share/colcon-core/packages/ubicoders_stereo_vo)
[-1764112466136919808.000s] DEBUG:colcon.colcon_parallel_executor.executor.parallel:closing loop
[-1764112466136919808.000s] DEBUG:colcon.colcon_parallel_executor.executor.parallel:loop closed
[-1764112466136919808.000s] DEBUG:colcon.colcon_parallel_executor.executor.parallel:run_until_complete finished with '0'
[-1764112466136919808.000s] DEBUG:colcon.colcon_core.event_reactor:joining thread
[-1764112466136919808.000s] INFO:colcon.colcon_core.plugin_system:Skipping extension 'colcon_notification.desktop_notification.notify2': 'notify2' not found
[-1764112466136919808.000s] INFO:colcon.colcon_core.plugin_system:Skipping extension 'colcon_notification.desktop_notification.notify_send': Could not find 'notify-send'
[-1764112466136919808.000s] INFO:colcon.colcon_core.plugin_system:Skipping extension 'colcon_notification.desktop_notification.terminal_notifier': Not used on non-Darwin systems
[-1764112466136919808.000s] INFO:colcon.colcon_core.plugin_system:Skipping extension 'colcon_notification.desktop_notification.win32': Not used on non-Windows systems
[-1764112466136919808.000s] DEBUG:colcon.colcon_core.event_reactor:joined thread
[-1764112466136919808.000s] INFO:colcon.colcon_core.shell:Creating prefix script '/home/ubuntu/robot_ws/install/local_setup.ps1'
[-1764112466136919808.000s] INFO:colcon.colcon_core.shell:Creating prefix util module '/home/ubuntu/robot_ws/install/_local_setup_util_ps1.py'
[-1764112466136919808.000s] INFO:colcon.colcon_core.shell:Creating prefix chain script '/home/ubuntu/robot_ws/install/setup.ps1'
[-1764112466136919808.000s] INFO:colcon.colcon_core.shell:Creating prefix script '/home/ubuntu/robot_ws/install/local_setup.sh'
[-1764112466136919808.000s] INFO:colcon.colcon_core.shell:Creating prefix util module '/home/ubuntu/robot_ws/install/_local_setup_util_sh.py'
[-1764112466136919808.000s] INFO:colcon.colcon_core.shell:Creating prefix chain script '/home/ubuntu/robot_ws/install/setup.sh'
[-1764112466136919808.000s] INFO:colcon.colcon_core.shell:Creating prefix script '/home/ubuntu/robot_ws/install/local_setup.bash'
[-1764112466136919808.000s] INFO:colcon.colcon_core.shell:Creating prefix chain script '/home/ubuntu/robot_ws/install/setup.bash'
[-1764112466136919808.000s] INFO:colcon.colcon_core.shell:Creating prefix script '/home/ubuntu/robot_ws/install/local_setup.zsh'
[-1764112466136919808.000s] INFO:colcon.colcon_core.shell:Creating prefix chain script '/home/ubuntu/robot_ws/install/setup.zsh'
